# JRE version: Java(TM) SE Runtime Environment (15.0.2+7) (build 15.0.2+7-27)
# Java VM: Java HotSpot(TM) 64-Bit Server VM (15.0.2+7-27, mixed mode, sharing, tiered, compressed oops, g1 gc, windows-amd64)
GC Precious Log:
 CPUs: 4 total, 4 available
 Memory: 4001M
 Large Page Support: Disabled
 NUMA Support: Disabled
 Compressed Oops: Enabled (32-bit)
 Heap Region Size: 1M
 Heap Min Capacity: 8M
 Heap Initial Capacity: 8M
 Heap Max Capacity: 1002M
 Pre-touch: Disabled
 Parallel Workers: 4
 Concurrent Workers: 1
 Concurrent Refinement Workers: 4
 Periodic GC: Disabled
Heap:
 garbage-first heap   total 8192K, used 2223K [0x00000000c1600000, 0x0000000100000000)
  region size 1024K, 1 young (1024K), 1 survivors (1024K)
 Metaspace       used 6815K, capacity 10086K, committed 10112K, reserved 1067008K
  class space    used 822K, capacity 1126K, committed 1152K, reserved 1048576K
GC Heap History (8 events):
Event: 0.301 GC heap before
{Heap before GC invocations=0 (full 0):
 garbage-first heap   total 8192K, used 3072K [0x00000000c1600000, 0x0000000100000000)
  region size 1024K, 3 young (3072K), 0 survivors (0K)
 Metaspace       used 2551K, capacity 6135K, committed 6400K, reserved 1056768K
  class space    used 319K, capacity 641K, committed 768K, reserved 1048576K
}
Event: 0.305 GC heap after
{Heap after GC invocations=1 (full 0):
 garbage-first heap   total 8192K, used 1137K [0x00000000c1600000, 0x0000000100000000)
  region size 1024K, 1 young (1024K), 1 survivors (1024K)
 Metaspace       used 2551K, capacity 6135K, committed 6400K, reserved 1056768K
  class space    used 319K, capacity 641K, committed 768K, reserved 1048576K
}
Event: 0.379 GC heap before
{Heap before GC invocations=1 (full 0):
 garbage-first heap   total 8192K, used 2161K [0x00000000c1600000, 0x0000000100000000)
  region size 1024K, 2 young (2048K), 1 survivors (1024K)
 Metaspace       used 4266K, capacity 7898K, committed 8064K, reserved 1056768K
  class space    used 524K, capacity 866K, committed 896K, reserved 1048576K
}
Event: 0.384 GC heap after
{Heap after GC invocations=2 (full 0):
 garbage-first heap   total 8192K, used 1672K [0x00000000c1600000, 0x0000000100000000)
  region size 1024K, 1 young (1024K), 1 survivors (1024K)
 Metaspace       used 4266K, capacity 7898K, committed 8064K, reserved 1056768K
  class space    used 524K, capacity 866K, committed 896K, reserved 1048576K
}
Event: 0.457 GC heap before
{Heap before GC invocations=2 (full 0):
 garbage-first heap   total 8192K, used 2696K [0x00000000c1600000, 0x0000000100000000)
  region size 1024K, 2 young (2048K), 1 survivors (1024K)
 Metaspace       used 5802K, capacity 9347K, committed 9600K, reserved 1058816K
  class space    used 694K, capacity 1029K, committed 1152K, reserved 1048576K
}
Event: 0.459 GC heap after
{Heap after GC invocations=3 (full 0):
 garbage-first heap   total 8192K, used 2004K [0x00000000c1600000, 0x0000000100000000)
  region size 1024K, 1 young (1024K), 1 survivors (1024K)
 Metaspace       used 5802K, capacity 9347K, committed 9600K, reserved 1058816K
  class space    used 694K, capacity 1029K, committed 1152K, reserved 1048576K
}
Event: 0.517 GC heap before
{Heap before GC invocations=3 (full 0):
 garbage-first heap   total 8192K, used 2004K [0x00000000c1600000, 0x0000000100000000)
  region size 1024K, 2 young (2048K), 1 survivors (1024K)
 Metaspace       used 6815K, capacity 10086K, committed 10112K, reserved 1064960K
  class space    used 822K, capacity 1126K, committed 1152K, reserved 1048576K
}
Event: 0.518 GC heap after
{Heap after GC invocations=4 (full 0):
 garbage-first heap   total 8192K, used 2223K [0x00000000c1600000, 0x0000000100000000)
  region size 1024K, 1 young (1024K), 1 survivors (1024K)
 Metaspace       used 6815K, capacity 10086K, committed 10112K, reserved 1064960K
  class space    used 822K, capacity 1126K, committed 1152K, reserved 1048576K
}

